[debug] [2020-01-23T18:41:25.387Z] ----------------------------------------------------------------------
[debug] [2020-01-23T18:41:25.390Z] Command:       C:\Program Files\nodejs\node.exe C:\Users\Ahsan\AppData\Roaming\npm\node_modules\firebase-tools\lib\bin\firebase.js deploy
[debug] [2020-01-23T18:41:25.390Z] CLI Version:   7.12.1
[debug] [2020-01-23T18:41:25.390Z] Platform:      win32
[debug] [2020-01-23T18:41:25.390Z] Node Version:  v10.16.3
[debug] [2020-01-23T18:41:25.391Z] Time:          Thu Jan 23 2020 23:41:25 GMT+0500 (Pakistan Standard Time)
[debug] [2020-01-23T18:41:25.391Z] ----------------------------------------------------------------------
[debug] [2020-01-23T18:41:25.391Z] 
[debug] [2020-01-23T18:41:25.443Z] > command requires scopes: ["email","openid","https://www.googleapis.com/auth/cloudplatformprojects.readonly","https://www.googleapis.com/auth/firebase","https://www.googleapis.com/auth/cloud-platform"]
[debug] [2020-01-23T18:41:25.444Z] > authorizing via signed-in user
[debug] [2020-01-23T18:41:25.444Z] [iam] checking project sales-closing for permissions ["firebase.projects.get","firebasehosting.sites.update"]
[debug] [2020-01-23T18:41:25.447Z] >>> HTTP REQUEST POST https://cloudresourcemanager.googleapis.com/v1/projects/sales-closing:testIamPermissions  

[debug] [2020-01-23T18:41:27.181Z] <<< HTTP RESPONSE 200
[debug] [2020-01-23T18:41:27.183Z] >>> HTTP REQUEST GET https://firebase.googleapis.com/v1beta1/projects/sales-closing  
 
[debug] [2020-01-23T18:41:27.647Z] <<< HTTP RESPONSE 200
[info] 
[info] === Deploying to 'sales-closing'...
[info] 
[info] i  deploying hosting
[debug] [2020-01-23T18:41:27.653Z] >>> HTTP REQUEST POST https://firebasehosting.googleapis.com/v1beta1/sites/sales-closing/versions  

[debug] [2020-01-23T18:41:39.344Z] <<< HTTP RESPONSE 503
[debug] [2020-01-23T18:41:39.344Z] <<< HTTP RESPONSE BODY
[error] 
[error] Error: HTTP Error: 503, The service is currently unavailable.
[debug] [2020-01-23T18:41:39.957Z] Error Context: {
  "body": {
    "error": {
      "code": 503,
      "message": "The service is currently unavailable.",
      "status": "UNAVAILABLE"
    }
  },
  "response": {
    "statusCode": 503,
    "body": {
      "error": {
        "code": 503,
        "message": "The service is currently unavailable.",
        "status": "UNAVAILABLE"
      }
    },
    "headers": {
      "vary": "X-Origin, Referer, Origin,Accept-Encoding",
      "content-type": "application/json; charset=UTF-8",
      "date": "Thu, 23 Jan 2020 18:41:39 GMT",
      "server": "ESF",
      "cache-control": "private",
      "x-xss-protection": "0",
      "x-frame-options": "SAMEORIGIN",
      "x-content-type-options": "nosniff",
      "alt-svc": "quic=\":443\"; ma=2592000; v=\"46,43\",h3-Q050=\":443\"; ma=2592000,h3-Q049=\":443\"; ma=2592000,h3-Q048=\":443\"; ma=2592000,h3-Q046=\":443\"; ma=2592000,h3-Q043=\":443\"; ma=2592000",
      "accept-ranges": "none",
      "transfer-encoding": "chunked"
    },
    "request": {
      "uri": {
        "protocol": "https:",
        "slashes": true,
        "auth": null,
        "host": "firebasehosting.googleapis.com",
        "port": 443,
        "hostname": "firebasehosting.googleapis.com",
        "hash": null,
        "search": null,
        "query": null,
        "pathname": "/v1beta1/sites/sales-closing/versions",
        "path": "/v1beta1/sites/sales-closing/versions",
        "href": "https://firebasehosting.googleapis.com/v1beta1/sites/sales-closing/versions"
      },
      "method": "POST"
    }
  }
}
